2024-11-07 22:27:49,101 - n_users=78578, n_items=77801	n_interactions=2880201	n_train=2240156, n_test=640045, sparsity=0.00037
2024-11-07 22:27:49,101 - Namespace(Ks='[20, 40]', batch_size=10240, cen_reg=1e-05, data_path=WindowsPath('C:/Users/shefai/Desktop/Content aware recommender systems/GitHub preparation/Intent aware recommender systems v1/data/DCCG/amazonbook'), dataset='amazonbook', emb_reg=1e-05, embed_size=32, epoch=3, lr=0.001, n_batch=40, n_intents=64, n_layers=2, sample_num=40, save_model=False, seed=2023, show_step=1, ssl_reg=0.4, temp=0.2, train_num=10000, verbose=1)
2024-11-07 22:33:05,929 - n_users=78578, n_items=77801	n_interactions=2880201	n_train=2240156, n_test=640045, sparsity=0.00037
2024-11-07 22:33:05,929 - Namespace(Ks='[20, 40]', batch_size=10240, cen_reg=1e-05, data_path=WindowsPath('C:/Users/shefai/Desktop/Content aware recommender systems/GitHub preparation/Intent aware recommender systems v1/data/DCCG/amazonbook'), dataset='amazonbook', emb_reg=1e-05, embed_size=32, epoch=500, lr=0.001, n_batch=40, n_intents=64, n_layers=2, patience=20, sample_num=40, save_model=False, seed=2023, show_step=1, ssl_reg=0.4, temp=0.2, train_num=10000, verbose=1)
2024-11-07 22:36:54,817 - n_users=78578, n_items=77801	n_interactions=2240156	n_train=2051103, n_test=189053, sparsity=0.00034
2024-11-07 22:36:54,819 - Namespace(Ks='[20, 40]', batch_size=10240, cen_reg=1e-05, data_path=WindowsPath('C:/Users/shefai/Desktop/Content aware recommender systems/GitHub preparation/Intent aware recommender systems v1/data/DCCG/amazonbook'), dataset='amazonbook', emb_reg=1e-05, embed_size=32, epoch=500, lr=0.001, n_batch=40, n_intents=64, n_layers=2, patience=20, sample_num=40, save_model=False, seed=2023, show_step=1, ssl_reg=0.4, temp=0.2, train_num=10000, verbose=1)
2024-11-07 22:48:41,773 - n_users=78578, n_items=77801	n_interactions=2240156	n_train=2051103, n_test=189053, sparsity=0.00034
2024-11-07 22:48:41,779 - Namespace(Ks='[20, 40]', batch_size=10240, cen_reg=1e-05, data_path=WindowsPath('C:/Users/shefai/Desktop/Content aware recommender systems/GitHub preparation/Intent aware recommender systems v1/data/DCCG/amazonbook'), dataset='amazonbook', emb_reg=1e-05, embed_size=32, epoch=200, lr=0.001, n_batch=40, n_intents=64, n_layers=2, patience=20, sample_num=40, save_model=False, seed=2023, show_step=1, ssl_reg=0.4, temp=0.2, train_num=10000, verbose=1)
2024-11-07 22:58:21,929 - n_users=78578, n_items=77801	n_interactions=2240156	n_train=2051103, n_test=189053, sparsity=0.00034
2024-11-07 22:58:21,944 - Namespace(Ks='[20, 40]', batch_size=10240, cen_reg=1e-05, data_path=WindowsPath('C:/Users/shefai/Desktop/Content aware recommender systems/GitHub preparation/Intent aware recommender systems v1/data/BIGCF/amazonbook'), dataset='amazonbook', emb_reg=1e-05, embed_size=32, epoch=200, lr=0.001, n_batch=40, n_intents=64, n_layers=2, patience=20, sample_num=40, save_model=False, seed=2023, show_step=1, ssl_reg=0.4, temp=0.2, train_num=10000, verbose=1)
2024-11-08 00:21:52,693 - n_users=78578, n_items=77801	n_interactions=2880201	n_train=2240156, n_test=640045, sparsity=0.00037
2024-11-08 00:21:52,693 - n_users=78578, n_items=77801	n_interactions=2880201	n_train=2240156, n_test=640045, sparsity=0.00037
2024-11-08 00:21:52,693 - Namespace(Ks='[20, 40]', batch_size=10240, cen_reg=1e-05, data_path=WindowsPath('C:/Users/shefai/Desktop/Content aware recommender systems/GitHub preparation/Intent aware recommender systems v1/data/BIGCF/amazonbook'), dataset='amazonbook', emb_reg=1e-05, embed_size=32, epoch=200, lr=0.001, n_batch=40, n_intents=64, n_layers=2, patience=20, sample_num=40, save_model=False, seed=2023, show_step=1, ssl_reg=0.4, temp=0.2, train_num=10000, verbose=1)
2024-11-08 00:21:52,693 - Namespace(Ks='[20, 40]', batch_size=10240, cen_reg=1e-05, data_path=WindowsPath('C:/Users/shefai/Desktop/Content aware recommender systems/GitHub preparation/Intent aware recommender systems v1/data/BIGCF/amazonbook'), dataset='amazonbook', emb_reg=1e-05, embed_size=32, epoch=200, lr=0.001, n_batch=40, n_intents=64, n_layers=2, patience=20, sample_num=40, save_model=False, seed=2023, show_step=1, ssl_reg=0.4, temp=0.2, train_num=10000, verbose=1)
2024-11-08 09:06:20,460 - n_users=78578, n_items=77801	n_interactions=2240156	n_train=2051103, n_test=189053, sparsity=0.00034
2024-11-08 09:06:20,460 - Namespace(Ks='[20, 40]', batch_size=10240, cen_reg=1e-05, data_path=WindowsPath('C:/Users/shefai/Desktop/Content aware recommender systems/GitHub preparation/Intent aware recommender systems v1/data/BIGCF/amazonbook'), dataset='amazonbook', emb_reg=1e-05, embed_size=32, epoch=300, lr=0.001, n_batch=40, n_intents=64, n_layers=2, patience=20, sample_num=40, save_model=False, seed=2023, show_step=1, ssl_reg=0.4, temp=0.2, train_num=10000, verbose=1)
2024-11-08 09:09:03,169 - n_users=78578, n_items=77801	n_interactions=2880201	n_train=2240156, n_test=640045, sparsity=0.00037
2024-11-08 09:09:03,171 - Namespace(Ks='[20, 40]', batch_size=10240, cen_reg=1e-05, data_path=WindowsPath('C:/Users/shefai/Desktop/Content aware recommender systems/GitHub preparation/Intent aware recommender systems v1/data/BIGCF/amazonbook'), dataset='amazonbook', emb_reg=1e-05, embed_size=32, epoch=300, lr=0.001, n_batch=40, n_intents=64, n_layers=2, patience=20, sample_num=40, save_model=False, seed=2023, show_step=1, ssl_reg=0.4, temp=0.2, train_num=10000, verbose=1)
2024-11-08 09:11:51,120 - n_users=78578, n_items=77801	n_interactions=2880201	n_train=2240156, n_test=640045, sparsity=0.00037
2024-11-08 09:11:51,122 - Namespace(Ks='[20, 40]', batch_size=10240, cen_reg=1e-05, data_path=WindowsPath('C:/Users/shefai/Desktop/Content aware recommender systems/GitHub preparation/Intent aware recommender systems v1/data/BIGCF/amazonbook'), dataset='amazonbook', emb_reg=1e-05, embed_size=32, epoch=300, lr=0.001, n_batch=40, n_intents=64, n_layers=2, patience=20, sample_num=40, save_model=False, seed=2023, show_step=1, ssl_reg=0.4, temp=0.2, train_num=10000, verbose=1)
2024-11-08 09:13:23,642 - n_users=78578, n_items=77801	n_interactions=2880201	n_train=2240156, n_test=640045, sparsity=0.00037
2024-11-08 09:13:23,644 - Namespace(Ks='[20, 40]', batch_size=10240, cen_reg=1e-05, data_path=WindowsPath('C:/Users/shefai/Desktop/Content aware recommender systems/GitHub preparation/Intent aware recommender systems v1/data/BIGCF/amazonbook'), dataset='amazonbook', emb_reg=1e-05, embed_size=32, epoch=300, lr=0.001, n_batch=40, n_intents=64, n_layers=2, patience=20, sample_num=40, save_model=False, seed=2023, show_step=1, ssl_reg=0.4, temp=0.2, train_num=10000, verbose=1)
2024-11-08 09:19:09,945 - n_users=78578, n_items=77801	n_interactions=2880201	n_train=2240156, n_test=640045, sparsity=0.00037
2024-11-08 09:19:09,945 - Namespace(Ks='[20, 40]', batch_size=10240, cen_reg=1e-05, data_path=WindowsPath('C:/Users/shefai/Desktop/Content aware recommender systems/GitHub preparation/Intent aware recommender systems v1/data/BIGCF/amazonbook'), dataset='amazonbook', emb_reg=1e-05, embed_size=32, epoch=300, lr=0.001, n_batch=40, n_intents=64, n_layers=2, patience=20, sample_num=40, save_model=False, seed=2023, show_step=1, ssl_reg=0.4, temp=0.2, train_num=10000, verbose=1)
2024-11-08 09:28:18,180 - n_users=78578, n_items=77801	n_interactions=2880201	n_train=2240156, n_test=640045, sparsity=0.00037
2024-11-08 09:28:18,181 - Namespace(Ks='[20, 40]', batch_size=10240, cen_reg=1e-05, data_path=WindowsPath('C:/Users/shefai/Desktop/Content aware recommender systems/GitHub preparation/Intent aware recommender systems v1/data/BIGCF/amazonbook'), dataset='amazonbook', emb_reg=1e-05, embed_size=32, epoch=300, lr=0.001, n_batch=40, n_intents=64, n_layers=2, patience=20, sample_num=40, save_model=False, seed=2023, show_step=1, ssl_reg=0.4, temp=0.2, train_num=10000, verbose=1)
2024-11-08 09:29:38,871 - n_users=78578, n_items=77801	n_interactions=2880201	n_train=2240156, n_test=640045, sparsity=0.00037
2024-11-08 09:29:38,887 - Namespace(Ks='[20, 40]', batch_size=10240, cen_reg=1e-05, data_path=WindowsPath('C:/Users/shefai/Desktop/Content aware recommender systems/GitHub preparation/Intent aware recommender systems v1/data/BIGCF/amazonbook'), dataset='amazonbook', emb_reg=1e-05, embed_size=32, epoch=300, lr=0.001, n_batch=40, n_intents=64, n_layers=2, patience=20, sample_num=40, save_model=False, seed=2023, show_step=1, ssl_reg=0.4, temp=0.2, train_num=10000, verbose=1)
2024-11-08 09:31:39,460 - n_users=78578, n_items=77801	n_interactions=2880201	n_train=2240156, n_test=640045, sparsity=0.00037
2024-11-08 09:31:39,460 - Namespace(Ks='[20, 40]', batch_size=10240, cen_reg=1e-05, data_path=WindowsPath('C:/Users/shefai/Desktop/Content aware recommender systems/GitHub preparation/Intent aware recommender systems v1/data/BIGCF/amazonbook'), dataset='amazonbook', emb_reg=1e-05, embed_size=32, epoch=300, lr=0.001, n_batch=40, n_intents=64, n_layers=2, patience=20, sample_num=40, save_model=False, seed=2023, show_step=1, ssl_reg=0.4, temp=0.2, train_num=10000, verbose=1)
2024-11-08 09:37:01,522 - n_users=78578, n_items=77801	n_interactions=2240156	n_train=2051103, n_test=189053, sparsity=0.00034
2024-11-08 09:37:01,538 - Namespace(Ks='[20, 40]', batch_size=10240, cen_reg=1e-05, data_path=WindowsPath('C:/Users/shefai/Desktop/Content aware recommender systems/GitHub preparation/Intent aware recommender systems v1/data/BIGCF/amazonbook'), dataset='amazonbook', emb_reg=1e-05, embed_size=32, epoch=300, lr=0.001, n_batch=40, n_intents=64, n_layers=2, patience=20, sample_num=40, save_model=False, seed=2023, show_step=1, ssl_reg=0.4, temp=0.2, train_num=10000, verbose=1)
2024-11-08 09:52:15,225 - n_users=78578, n_items=77801	n_interactions=2240156	n_train=2051103, n_test=189053, sparsity=0.00034
2024-11-08 09:52:15,242 - Namespace(Ks='[20, 40]', batch_size=10240, cen_reg=1e-05, data_path=WindowsPath('C:/Users/shefai/Desktop/Content aware recommender systems/GitHub preparation/Intent aware recommender systems v1/data/DCCF/amazonbook'), dataset='amazonbook', emb_reg=1e-05, embed_size=32, epoch=200, lr=0.001, n_batch=40, n_intents=64, n_layers=2, patience=20, sample_num=40, save_model=False, seed=2023, show_step=1, ssl_reg=0.4, temp=0.2, train_num=10000, verbose=1)
2024-11-08 10:06:42,841 - n_users=78578, n_items=77801	n_interactions=2880201	n_train=2240156, n_test=640045, sparsity=0.00037
2024-11-08 10:06:42,841 - n_users=78578, n_items=77801	n_interactions=2880201	n_train=2240156, n_test=640045, sparsity=0.00037
2024-11-08 10:06:42,856 - Namespace(Ks='[20, 40]', batch_size=10240, cen_reg=1e-05, data_path=WindowsPath('C:/Users/shefai/Desktop/Content aware recommender systems/GitHub preparation/Intent aware recommender systems v1/data/DCCF/amazonbook'), dataset='amazonbook', emb_reg=1e-05, embed_size=32, epoch=17, lr=0.001, n_batch=40, n_intents=64, n_layers=2, patience=20, sample_num=40, save_model=False, seed=2023, show_step=1, ssl_reg=0.4, temp=0.2, train_num=10000, verbose=1)
2024-11-08 10:06:42,856 - Namespace(Ks='[20, 40]', batch_size=10240, cen_reg=1e-05, data_path=WindowsPath('C:/Users/shefai/Desktop/Content aware recommender systems/GitHub preparation/Intent aware recommender systems v1/data/DCCF/amazonbook'), dataset='amazonbook', emb_reg=1e-05, embed_size=32, epoch=17, lr=0.001, n_batch=40, n_intents=64, n_layers=2, patience=20, sample_num=40, save_model=False, seed=2023, show_step=1, ssl_reg=0.4, temp=0.2, train_num=10000, verbose=1)
2024-11-08 11:16:09,657 - n_users=78578, n_items=77801	n_interactions=2240156	n_train=1823663, n_test=416493, sparsity=0.00030
2024-11-08 11:16:09,657 - Namespace(Ks='[20, 40]', batch_size=10240, cen_reg=1e-05, data_path=WindowsPath('C:/Users/shefai/Desktop/Content aware recommender systems/GitHub preparation/Intent aware recommender systems v1/data/DCCF/amazonbook'), dataset='amazonbook', emb_reg=1e-05, embed_size=32, epoch=300, lr=0.001, n_batch=40, n_intents=64, n_layers=2, patience=30, sample_num=40, save_model=False, seed=2023, show_step=1, ssl_reg=0.4, temp=0.2, train_num=10000, verbose=1)
2024-11-08 11:21:35,994 - n_users=78578, n_items=77801	n_interactions=2240156	n_train=1823663, n_test=416493, sparsity=0.00030
2024-11-08 11:21:35,994 - Namespace(Ks='[20, 40]', batch_size=10240, cen_reg=1e-05, data_path=WindowsPath('C:/Users/shefai/Desktop/Content aware recommender systems/GitHub preparation/Intent aware recommender systems v1/data/DCCF/amazonbook'), dataset='amazonbook', emb_reg=1e-05, embed_size=32, epoch=200, lr=0.001, n_batch=40, n_intents=64, n_layers=2, patience=30, sample_num=40, save_model=False, seed=2023, show_step=1, ssl_reg=0.4, temp=0.2, train_num=10000, verbose=1)
2024-11-08 11:40:42,613 - n_users=78578, n_items=77801	n_interactions=2880201	n_train=2240156, n_test=640045, sparsity=0.00037
2024-11-08 11:40:42,613 - n_users=78578, n_items=77801	n_interactions=2880201	n_train=2240156, n_test=640045, sparsity=0.00037
2024-11-08 11:40:42,613 - Namespace(Ks='[20, 40]', batch_size=10240, cen_reg=1e-05, data_path=WindowsPath('C:/Users/shefai/Desktop/Content aware recommender systems/GitHub preparation/Intent aware recommender systems v1/data/DCCF/amazonbook'), dataset='amazonbook', emb_reg=1e-05, embed_size=32, epoch=16, lr=0.001, n_batch=40, n_intents=64, n_layers=2, patience=30, sample_num=40, save_model=False, seed=2023, show_step=1, ssl_reg=0.4, temp=0.2, train_num=10000, verbose=1)
2024-11-08 11:40:42,613 - Namespace(Ks='[20, 40]', batch_size=10240, cen_reg=1e-05, data_path=WindowsPath('C:/Users/shefai/Desktop/Content aware recommender systems/GitHub preparation/Intent aware recommender systems v1/data/DCCF/amazonbook'), dataset='amazonbook', emb_reg=1e-05, embed_size=32, epoch=16, lr=0.001, n_batch=40, n_intents=64, n_layers=2, patience=30, sample_num=40, save_model=False, seed=2023, show_step=1, ssl_reg=0.4, temp=0.2, train_num=10000, verbose=1)
2024-11-08 11:49:11,554 - n_users=78578, n_items=77801	n_interactions=2880201	n_train=2240156, n_test=640045, sparsity=0.00037
2024-11-08 11:49:11,561 - Namespace(Ks='[20, 40]', batch_size=10240, cen_reg=1e-05, data_path=WindowsPath('C:/Users/shefai/Desktop/Content aware recommender systems/GitHub preparation/Intent aware recommender systems v1/data/DCCF/amazonbook'), dataset='amazonbook', emb_reg=1e-05, embed_size=32, epoch=200, lr=0.001, n_batch=40, n_intents=64, n_layers=2, patience=30, sample_num=40, save_model=False, seed=2023, show_step=1, ssl_reg=0.4, temp=0.2, train_num=10000, verbose=1)
2024-11-12 10:49:39,913 - n_users=78578, n_items=77801	n_interactions=2880201	n_train=2240156, n_test=640045, sparsity=0.00037
2024-11-12 10:49:39,929 - Namespace(Ks='[1, 5, 10, 20, 40, 50, 100]', batch_size=10240, cen_reg=1e-05, data_path=WindowsPath('C:/Users/shefai/Desktop/Content aware recommender systems/GitHub preparation/Intent_Aware_topn/data/DCCF/amazonbook'), dataset='amazonbook', emb_reg=1e-05, embed_size=32, epoch=300, lr=0.001, n_batch=40, n_intents=64, n_layers=2, patience=30, sample_num=40, save_model=False, seed=2023, show_step=1, ssl_reg=0.4, temp=0.2, train_num=10000, verbose=1)
2024-11-12 10:53:16,877 - n_users=78578, n_items=77801	n_interactions=2880201	n_train=2240156, n_test=640045, sparsity=0.00037
2024-11-12 10:53:16,879 - Namespace(Ks='[1, 5, 10, 20, 40, 50, 100]', batch_size=10240, cen_reg=1e-05, data_path=WindowsPath('C:/Users/shefai/Desktop/Content aware recommender systems/GitHub preparation/Intent_Aware_topn/data/DCCF/amazonbook'), dataset='amazonbook', emb_reg=1e-05, embed_size=32, epoch=1, lr=0.001, n_batch=40, n_intents=64, n_layers=2, patience=30, sample_num=40, save_model=False, seed=2023, show_step=1, ssl_reg=0.4, temp=0.2, train_num=10000, verbose=1)
2024-11-13 13:08:03,013 - n_users=78578, n_items=77801	n_interactions=2240156	n_train=2051103, n_test=189053, sparsity=0.00034
2024-11-13 13:08:03,013 - Namespace(Ks='[1, 5, 10, 20, 40, 50, 100]', batch_size=5000, cen_reg=0.005, data_path=WindowsPath('C:/Users/shefai/Desktop/Content aware recommender systems/GitHub preparation/Intent_Aware_topn/data/DCCF/amazonbook'), dataset='amazonbook', emb_reg=2.5e-05, embed_size=32, epoch=500, lr=0.001, n_batch=40, n_intents=128, n_layers=2, patience=20, sample_num=40, save_model=False, seed=2022, show_step=1, ssl_reg=0.1, temp=1, train_num=10000, verbose=1)
2024-11-13 14:44:59,163 - n_users=78578, n_items=77801	n_interactions=2880201	n_train=2240156, n_test=640045, sparsity=0.00037
2024-11-13 14:44:59,163 - n_users=78578, n_items=77801	n_interactions=2880201	n_train=2240156, n_test=640045, sparsity=0.00037
2024-11-13 14:44:59,163 - Namespace(Ks='[1, 5, 10, 20, 40, 50, 100]', batch_size=5000, cen_reg=0.005, data_path=WindowsPath('C:/Users/shefai/Desktop/Content aware recommender systems/GitHub preparation/Intent_Aware_topn/data/DCCF/amazonbook'), dataset='amazonbook', emb_reg=2.5e-05, embed_size=32, epoch=120, lr=0.001, n_batch=40, n_intents=128, n_layers=2, patience=20, sample_num=40, save_model=False, seed=2022, show_step=1, ssl_reg=0.1, temp=1, train_num=10000, verbose=1)
2024-11-13 14:44:59,163 - Namespace(Ks='[1, 5, 10, 20, 40, 50, 100]', batch_size=5000, cen_reg=0.005, data_path=WindowsPath('C:/Users/shefai/Desktop/Content aware recommender systems/GitHub preparation/Intent_Aware_topn/data/DCCF/amazonbook'), dataset='amazonbook', emb_reg=2.5e-05, embed_size=32, epoch=120, lr=0.001, n_batch=40, n_intents=128, n_layers=2, patience=20, sample_num=40, save_model=False, seed=2022, show_step=1, ssl_reg=0.1, temp=1, train_num=10000, verbose=1)
2024-11-15 09:15:03,634 - n_users=78578, n_items=77801	n_interactions=2880201	n_train=2240156, n_test=640045, sparsity=0.00037
2024-11-15 09:15:03,634 - Namespace(Ks='[1, 5, 10, 20, 40, 50, 100]', batch_size=10240, cen_reg=1e-05, data_path=WindowsPath('C:/Users/shefai/Desktop/Content aware recommender systems/GitHub preparation/Intent_Aware_topn/data/DCCF/amazonbook'), dataset='amazonbook', emb_reg=1e-05, embed_size=32, epoch=200, lr=0.001, n_batch=40, n_intents=64, n_layers=2, patience=30, sample_num=40, save_model=False, seed=2023, show_step=1, ssl_reg=0.4, temp=0.2, train_num=10000, verbose=1)
2024-11-15 10:50:31,919 - n_users=78578, n_items=77801	n_interactions=2880201	n_train=2240156, n_test=640045, sparsity=0.00037
2024-11-15 10:50:31,919 - Namespace(Ks='[1, 5, 10, 20, 40, 50, 100]', batch_size=10240, cen_reg=1e-05, data_path=WindowsPath('C:/Users/shefai/Desktop/Content aware recommender systems/GitHub preparation/Intent_Aware_topn/data/DCCF/amazonbook'), dataset='amazonbook', emb_reg=1e-05, embed_size=32, epoch=150, lr=0.001, n_batch=40, n_intents=64, n_layers=2, patience=30, sample_num=40, save_model=False, seed=2023, show_step=1, ssl_reg=0.4, temp=0.2, train_num=10000, verbose=1)
2024-11-15 12:32:55,326 - n_users=78578, n_items=77801	n_interactions=2880201	n_train=2240156, n_test=640045, sparsity=0.00037
2024-11-15 12:32:55,348 - Namespace(Ks='[1, 5, 10, 20, 40, 50, 100]', batch_size=10240, cen_reg=1e-05, data_path=WindowsPath('C:/Users/shefai/Desktop/Content aware recommender systems/GitHub preparation/Intent_Aware_topn/data/DCCF/amazonbook'), dataset='amazonbook', emb_reg=1e-05, embed_size=32, epoch=200, lr=0.001, n_batch=40, n_intents=64, n_layers=2, patience=30, sample_num=40, save_model=False, seed=2023, show_step=1, ssl_reg=0.2, temp=0.2, train_num=10000, verbose=1)
2024-11-15 14:55:28,263 - n_users=50821, n_items=57440	n_interactions=1302695	n_train=1172425, n_test=130270, sparsity=0.00040
2024-11-15 14:55:28,279 - Namespace(Ks='[1, 5, 10, 20, 40, 50, 100]', batch_size=10240, cen_reg=1e-05, data_path=WindowsPath('C:/Users/shefai/Desktop/Content aware recommender systems/GitHub preparation/Intent_Aware_topn/data/DCCF/gowalla'), dataset='gowalla', emb_reg=1e-05, embed_size=32, epoch=150, lr=0.001, n_batch=40, n_intents=64, n_layers=2, patience=30, sample_num=40, save_model=False, seed=2023, show_step=1, ssl_reg=0.4, temp=0.2, train_num=10000, verbose=1)
2024-11-15 14:58:37,482 - n_users=50821, n_items=57440	n_interactions=1302695	n_train=1172425, n_test=130270, sparsity=0.00040
2024-11-15 14:58:37,482 - Namespace(Ks='[1, 5, 10, 20, 40, 50, 100]', batch_size=10240, cen_reg=1e-05, data_path=WindowsPath('C:/Users/shefai/Desktop/Content aware recommender systems/GitHub preparation/Intent_Aware_topn/data/DCCF/gowalla'), dataset='gowalla', emb_reg=1e-05, embed_size=32, epoch=1, lr=0.001, n_batch=40, n_intents=64, n_layers=2, patience=30, sample_num=40, save_model=False, seed=2023, show_step=1, ssl_reg=0.4, temp=0.2, train_num=10000, verbose=1)
2024-11-15 14:59:42,780 - n_users=50821, n_items=57440	n_interactions=1302695	n_train=1172425, n_test=130270, sparsity=0.00040
2024-11-15 14:59:42,782 - Namespace(Ks='[1, 5, 10, 20, 40, 50, 100]', batch_size=10240, cen_reg=1e-05, data_path=WindowsPath('C:/Users/shefai/Desktop/Content aware recommender systems/GitHub preparation/Intent_Aware_topn/data/DCCF/gowalla'), dataset='gowalla', emb_reg=1e-05, embed_size=32, epoch=1, lr=0.001, n_batch=40, n_intents=64, n_layers=2, patience=30, sample_num=40, save_model=False, seed=2023, show_step=1, ssl_reg=0.4, temp=0.2, train_num=10000, verbose=1)
2024-11-15 15:04:13,483 - n_users=50821, n_items=57440	n_interactions=1302695	n_train=1172425, n_test=130270, sparsity=0.00040
2024-11-15 15:04:13,484 - Namespace(Ks='[1, 5, 10, 20, 40, 50, 100]', batch_size=10240, cen_reg=1e-05, data_path=WindowsPath('C:/Users/shefai/Desktop/Content aware recommender systems/GitHub preparation/Intent_Aware_topn/data/DCCF/gowalla'), dataset='gowalla', emb_reg=1e-05, embed_size=32, epoch=1, lr=0.001, n_batch=40, n_intents=64, n_layers=2, patience=30, sample_num=40, save_model=False, seed=2023, show_step=1, ssl_reg=0.4, temp=0.2, train_num=10000, verbose=1)
2024-11-15 15:05:34,216 - n_users=50821, n_items=57440	n_interactions=1302695	n_train=1172425, n_test=130270, sparsity=0.00040
2024-11-15 15:05:34,216 - Namespace(Ks='[1, 5, 10, 20, 40, 50, 100]', batch_size=10240, cen_reg=1e-05, data_path=WindowsPath('C:/Users/shefai/Desktop/Content aware recommender systems/GitHub preparation/Intent_Aware_topn/data/DCCF/gowalla'), dataset='gowalla', emb_reg=1e-05, embed_size=32, epoch=150, lr=0.001, n_batch=40, n_intents=64, n_layers=2, patience=30, sample_num=40, save_model=False, seed=2023, show_step=1, ssl_reg=0.4, temp=0.2, train_num=10000, verbose=1)
2024-11-15 16:13:38,856 - n_users=78578, n_items=77801	n_interactions=2880201	n_train=2240156, n_test=640045, sparsity=0.00037
2024-11-15 16:13:38,856 - Namespace(Ks='[1, 5, 10, 20, 40, 50, 100]', batch_size=10240, cen_reg=1e-05, data_path=WindowsPath('C:/Users/shefai/Desktop/Content aware recommender systems/GitHub preparation/Intent_Aware_topn/data/DCCF/amazonbook'), dataset='amazonbook', emb_reg=1e-05, embed_size=32, epoch=200, lr=0.001, n_batch=40, n_intents=64, n_layers=2, patience=30, sample_num=40, save_model=False, seed=2023, show_step=1, ssl_reg=0.4, temp=0.2, train_num=10000, verbose=1)
2024-11-15 17:35:06,141 - n_users=47939, n_items=41390	n_interactions=2619389	n_train=2357450, n_test=261939, sparsity=0.00119
2024-11-15 17:35:06,157 - Namespace(Ks='[1, 5, 10, 20, 40, 50, 100]', batch_size=10240, cen_reg=1e-05, data_path=WindowsPath('C:/Users/shefai/Desktop/Content aware recommender systems/GitHub preparation/Intent_Aware_topn/data/DCCF/tmall'), dataset='tmall', emb_reg=1e-05, embed_size=32, epoch=200, lr=0.001, n_batch=40, n_intents=64, n_layers=2, patience=30, sample_num=40, save_model=False, seed=2023, show_step=1, ssl_reg=0.2, temp=0.2, train_num=10000, verbose=1)
2024-11-29 00:30:56,973 - n_users=78578, n_items=77801	n_interactions=2880201	n_train=2240156, n_test=640045, sparsity=0.00037
2024-11-29 00:30:56,973 - Namespace(Ks='[1, 5, 10, 20, 40, 50, 100]', batch_size=5000, cen_reg=0.005, data_path=WindowsPath('C:/Users/shefai/Desktop/Content aware recommender systems/GitHub preparation/Intent_Aware_topn/data/DCCF/amazonbook'), dataset='amazonbook', emb_reg=2.5e-05, embed_size=32, epoch=150, lr=0.001, n_batch=40, n_intents=128, n_layers=2, patience=20, sample_num=40, save_model=False, seed=2022, show_step=1, ssl_reg=0.1, temp=1, train_num=10000, verbose=1)
2024-11-29 08:41:11,688 - n_users=47939, n_items=41390	n_interactions=2619389	n_train=2357450, n_test=261939, sparsity=0.00119
2024-11-29 08:41:11,688 - Namespace(Ks='[1, 5, 10, 20, 40, 50, 100]', batch_size=10240, cen_reg=1e-05, data_path=WindowsPath('C:/Users/shefai/Desktop/Content aware recommender systems/GitHub preparation/Intent_Aware_topn/data/DCCF/tmall'), dataset='tmall', emb_reg=1e-05, embed_size=32, epoch=1, lr=0.001, n_batch=40, n_intents=64, n_layers=2, patience=30, sample_num=40, save_model=False, seed=2023, show_step=1, ssl_reg=0.2, temp=0.2, train_num=10000, verbose=1)
2024-11-29 08:43:11,891 - n_users=47939, n_items=41390	n_interactions=2619389	n_train=2357450, n_test=261939, sparsity=0.00119
2024-11-29 08:43:11,891 - Namespace(Ks='[1, 5, 10, 20, 40, 50, 100]', batch_size=10240, cen_reg=1e-05, data_path=WindowsPath('C:/Users/shefai/Desktop/Content aware recommender systems/GitHub preparation/Intent_Aware_topn/data/DCCF/tmall'), dataset='tmall', emb_reg=1e-05, embed_size=32, epoch=1, lr=0.001, n_batch=40, n_intents=64, n_layers=2, patience=30, sample_num=40, save_model=False, seed=2023, show_step=1, ssl_reg=0.2, temp=0.2, train_num=10000, verbose=1)
2024-11-29 08:53:55,314 - n_users=50821, n_items=57440	n_interactions=1302695	n_train=1172425, n_test=130270, sparsity=0.00040
2024-11-29 08:53:55,314 - Namespace(Ks='[1, 5, 10, 20, 40, 50, 100]', batch_size=10240, cen_reg=1e-05, data_path=WindowsPath('C:/Users/shefai/Desktop/Content aware recommender systems/GitHub preparation/Intent_Aware_topn/data/DCCF/gowalla'), dataset='gowalla', emb_reg=1e-05, embed_size=32, epoch=150, lr=0.001, n_batch=40, n_intents=64, n_layers=2, patience=30, sample_num=40, save_model=False, seed=2023, show_step=1, ssl_reg=0.4, temp=0.2, train_num=10000, verbose=1)
2024-11-29 08:56:17,860 - n_users=50821, n_items=57440	n_interactions=1302695	n_train=1172425, n_test=130270, sparsity=0.00040
2024-11-29 08:56:17,860 - Namespace(Ks='[1, 5, 10, 20, 40, 50, 100]', batch_size=10240, cen_reg=1e-05, data_path=WindowsPath('C:/Users/shefai/Desktop/Content aware recommender systems/GitHub preparation/Intent_Aware_topn/data/DCCF/gowalla'), dataset='gowalla', emb_reg=1e-05, embed_size=32, epoch=1, lr=0.001, n_batch=40, n_intents=64, n_layers=2, patience=30, sample_num=40, save_model=False, seed=2023, show_step=1, ssl_reg=0.4, temp=0.2, train_num=10000, verbose=1)
2024-11-29 08:58:20,806 - n_users=50821, n_items=57440	n_interactions=1302695	n_train=1172425, n_test=130270, sparsity=0.00040
2024-11-29 08:58:20,806 - Namespace(Ks='[1, 5, 10, 20, 40, 50, 100]', batch_size=10240, cen_reg=1e-05, data_path=WindowsPath('C:/Users/shefai/Desktop/Content aware recommender systems/GitHub preparation/Intent_Aware_topn/data/DCCF/gowalla'), dataset='gowalla', emb_reg=1e-05, embed_size=32, epoch=150, lr=0.001, n_batch=40, n_intents=64, n_layers=2, patience=30, sample_num=40, save_model=False, seed=2023, show_step=1, ssl_reg=0.4, temp=0.2, train_num=10000, verbose=1)
2024-11-29 09:48:18,924 - n_users=78578, n_items=77801	n_interactions=2880201	n_train=2240156, n_test=640045, sparsity=0.00037
2024-11-29 09:48:18,924 - Namespace(Ks='[1, 5, 10, 20, 40, 50, 100]', batch_size=10240, cen_reg=1e-05, data_path=WindowsPath('C:/Users/shefai/Desktop/Content aware recommender systems/GitHub preparation/Intent_Aware_topn/data/DCCF/amazonbook'), dataset='amazonbook', emb_reg=1e-05, embed_size=32, epoch=200, lr=0.001, n_batch=40, n_intents=64, n_layers=2, patience=30, sample_num=40, save_model=False, seed=2023, show_step=1, ssl_reg=0.4, temp=0.2, train_num=10000, verbose=1)
2024-11-29 10:57:31,737 - n_users=47939, n_items=41390	n_interactions=2619389	n_train=2357450, n_test=261939, sparsity=0.00119
2024-11-29 10:57:31,737 - Namespace(Ks='[1, 5, 10, 20, 40, 50, 100]', batch_size=10240, cen_reg=1e-05, data_path=WindowsPath('C:/Users/shefai/Desktop/Content aware recommender systems/GitHub preparation/Intent_Aware_topn/data/DCCF/tmall'), dataset='tmall', emb_reg=1e-05, embed_size=32, epoch=200, lr=0.001, n_batch=40, n_intents=64, n_layers=2, patience=30, sample_num=40, save_model=False, seed=2023, show_step=1, ssl_reg=0.2, temp=0.2, train_num=10000, verbose=1)
2024-11-29 12:09:29,003 - n_users=47939, n_items=41390	n_interactions=2619389	n_train=2357450, n_test=261939, sparsity=0.00119
2024-11-29 12:09:29,003 - Namespace(Ks='[1, 5, 10, 20, 40, 50, 100]', batch_size=10240, cen_reg=1e-05, data_path=WindowsPath('C:/Users/shefai/Desktop/Content aware recommender systems/GitHub preparation/Intent_Aware_topn/data/DCCF/tmall'), dataset='tmall', emb_reg=1e-05, embed_size=32, epoch=1, lr=0.001, n_batch=40, n_intents=64, n_layers=2, patience=30, sample_num=40, save_model=False, seed=2023, show_step=1, ssl_reg=0.2, temp=0.2, train_num=10000, verbose=1)
2024-11-29 12:36:22,002 - n_users=47939, n_items=41390	n_interactions=2619389	n_train=2357450, n_test=261939, sparsity=0.00119
2024-11-29 12:36:22,002 - Namespace(Ks='[1, 5, 10, 20, 40, 50, 100]', batch_size=10240, cen_reg=1e-05, data_path=WindowsPath('C:/Users/shefai/Desktop/Content aware recommender systems/GitHub preparation/Intent_Aware_topn/data/DCCF/tmall'), dataset='tmall', emb_reg=1e-05, embed_size=32, epoch=1, lr=0.001, n_batch=40, n_intents=64, n_layers=2, patience=30, sample_num=40, save_model=False, seed=2023, show_step=1, ssl_reg=0.2, temp=0.2, train_num=10000, verbose=1)
2024-11-29 12:46:51,455 - n_users=47939, n_items=41390	n_interactions=2619389	n_train=2357450, n_test=261939, sparsity=0.00119
2024-11-29 12:46:51,455 - Namespace(Ks='[1, 5, 10, 20, 40, 50, 100]', batch_size=10240, cen_reg=1e-05, data_path=WindowsPath('C:/Users/shefai/Desktop/Content aware recommender systems/GitHub preparation/Intent_Aware_topn/data/DCCF/tmall'), dataset='tmall', emb_reg=1e-05, embed_size=32, epoch=1, lr=0.001, n_batch=40, n_intents=64, n_layers=2, patience=30, sample_num=40, save_model=False, seed=2023, show_step=1, ssl_reg=0.2, temp=0.2, train_num=10000, verbose=1)
2024-11-29 12:56:07,365 - n_users=47939, n_items=41390	n_interactions=2619389	n_train=2357450, n_test=261939, sparsity=0.00119
2024-11-29 12:56:07,367 - Namespace(Ks='[1, 5, 10, 20, 40, 50, 100]', batch_size=10240, cen_reg=1e-05, data_path=WindowsPath('C:/Users/shefai/Desktop/Content aware recommender systems/GitHub preparation/Intent_Aware_topn/data/DCCF/tmall'), dataset='tmall', emb_reg=1e-05, embed_size=32, epoch=1, lr=0.001, n_batch=40, n_intents=64, n_layers=2, patience=30, sample_num=40, save_model=False, seed=2023, show_step=1, ssl_reg=0.2, temp=0.2, train_num=10000, verbose=1)
2024-11-29 12:59:18,882 - n_users=47939, n_items=41390	n_interactions=2619389	n_train=2357450, n_test=261939, sparsity=0.00119
2024-11-29 12:59:18,883 - Namespace(Ks='[1, 5, 10, 20, 40, 50, 100]', batch_size=10240, cen_reg=1e-05, data_path=WindowsPath('C:/Users/shefai/Desktop/Content aware recommender systems/GitHub preparation/Intent_Aware_topn/data/DCCF/tmall'), dataset='tmall', emb_reg=1e-05, embed_size=32, epoch=1, lr=0.001, n_batch=40, n_intents=64, n_layers=2, patience=30, sample_num=40, save_model=False, seed=2023, show_step=1, ssl_reg=0.2, temp=0.2, train_num=10000, verbose=1)
2024-11-29 13:05:44,296 - n_users=47939, n_items=41390	n_interactions=2619389	n_train=2357450, n_test=261939, sparsity=0.00119
2024-11-29 13:05:44,298 - Namespace(Ks='[1, 5, 10, 20, 40, 50, 100]', batch_size=10240, cen_reg=1e-05, data_path=WindowsPath('C:/Users/shefai/Desktop/Content aware recommender systems/GitHub preparation/Intent_Aware_topn/data/DCCF/tmall'), dataset='tmall', emb_reg=1e-05, embed_size=32, epoch=1, lr=0.001, n_batch=40, n_intents=64, n_layers=2, patience=30, sample_num=40, save_model=False, seed=2023, show_step=1, ssl_reg=0.2, temp=0.2, train_num=10000, verbose=1)
2024-11-29 13:07:57,252 - n_users=50821, n_items=57440	n_interactions=1302695	n_train=1172425, n_test=130270, sparsity=0.00040
2024-11-29 13:07:57,252 - Namespace(Ks='[1, 5, 10, 20, 40, 50, 100]', batch_size=10240, cen_reg=1e-05, data_path=WindowsPath('C:/Users/shefai/Desktop/Content aware recommender systems/GitHub preparation/Intent_Aware_topn/data/DCCF/gowalla'), dataset='gowalla', emb_reg=1e-05, embed_size=32, epoch=150, lr=0.001, n_batch=40, n_intents=64, n_layers=2, patience=30, sample_num=40, save_model=False, seed=2023, show_step=1, ssl_reg=0.4, temp=0.2, train_num=10000, verbose=1)
2024-11-29 14:51:10,037 - n_users=50821, n_items=57440	n_interactions=1302695	n_train=1172425, n_test=130270, sparsity=0.00040
2024-11-29 14:51:10,039 - Namespace(Ks='[1, 5, 10, 20, 40, 50, 100]', batch_size=10240, cen_reg=1e-05, data_path=WindowsPath('C:/Users/shefai/Desktop/Content aware recommender systems/GitHub preparation/Intent_Aware_topn/data/DCCF/gowalla'), dataset='gowalla', emb_reg=1e-05, embed_size=32, epoch=1, lr=0.001, n_batch=40, n_intents=64, n_layers=2, patience=30, sample_num=40, save_model=False, seed=2023, show_step=1, ssl_reg=0.4, temp=0.2, train_num=10000, verbose=1)
2024-11-29 15:10:38,487 - n_users=50821, n_items=57440	n_interactions=1302695	n_train=1172425, n_test=130270, sparsity=0.00040
2024-11-29 15:10:38,487 - Namespace(Ks='[1, 5, 10, 20, 40, 50, 100]', batch_size=10240, cen_reg=1e-05, data_path=WindowsPath('C:/Users/shefai/Desktop/Content aware recommender systems/GitHub preparation/Intent_Aware_topn/data/DCCF/gowalla'), dataset='gowalla', emb_reg=1e-05, embed_size=32, epoch=1, lr=0.001, n_batch=40, n_intents=64, n_layers=2, patience=30, sample_num=40, save_model=False, seed=2023, show_step=1, ssl_reg=0.4, temp=0.2, train_num=10000, verbose=1)
2024-11-29 15:13:57,816 - n_users=50821, n_items=57440	n_interactions=1302695	n_train=1172425, n_test=130270, sparsity=0.00040
2024-11-29 15:13:57,816 - Namespace(Ks='[1, 5, 10, 20, 40, 50, 100]', batch_size=10240, cen_reg=1e-05, data_path=WindowsPath('C:/Users/shefai/Desktop/Content aware recommender systems/GitHub preparation/Intent_Aware_topn/data/DCCF/gowalla'), dataset='gowalla', emb_reg=1e-05, embed_size=32, epoch=1, lr=0.001, n_batch=40, n_intents=64, n_layers=2, patience=30, sample_num=40, save_model=False, seed=2023, show_step=1, ssl_reg=0.4, temp=0.2, train_num=10000, verbose=1)
2024-11-29 15:23:58,753 - n_users=50821, n_items=57440	n_interactions=1302695	n_train=1172425, n_test=130270, sparsity=0.00040
2024-11-29 15:23:58,753 - Namespace(Ks='[1, 5, 10, 20, 40, 50, 100]', batch_size=10240, cen_reg=1e-05, data_path=WindowsPath('C:/Users/shefai/Desktop/Content aware recommender systems/GitHub preparation/Intent_Aware_topn/data/DCCF/gowalla'), dataset='gowalla', emb_reg=1e-05, embed_size=32, epoch=1, lr=0.001, n_batch=40, n_intents=64, n_layers=2, patience=30, sample_num=40, save_model=False, seed=2023, show_step=1, ssl_reg=0.4, temp=0.2, train_num=10000, verbose=1)
2024-11-29 15:25:24,757 - n_users=50821, n_items=57440	n_interactions=1302695	n_train=1172425, n_test=130270, sparsity=0.00040
2024-11-29 15:25:24,758 - Namespace(Ks='[1, 5, 10, 20, 40, 50, 100]', batch_size=10240, cen_reg=1e-05, data_path=WindowsPath('C:/Users/shefai/Desktop/Content aware recommender systems/GitHub preparation/Intent_Aware_topn/data/DCCF/gowalla'), dataset='gowalla', emb_reg=1e-05, embed_size=32, epoch=1, lr=0.001, n_batch=40, n_intents=64, n_layers=2, patience=30, sample_num=40, save_model=False, seed=2023, show_step=1, ssl_reg=0.4, temp=0.2, train_num=10000, verbose=1)
2024-11-29 15:27:25,378 - n_users=50821, n_items=57440	n_interactions=1302695	n_train=1172425, n_test=130270, sparsity=0.00040
2024-11-29 15:27:25,378 - Namespace(Ks='[1, 5, 10, 20, 40, 50, 100]', batch_size=10240, cen_reg=1e-05, data_path=WindowsPath('C:/Users/shefai/Desktop/Content aware recommender systems/GitHub preparation/Intent_Aware_topn/data/DCCF/gowalla'), dataset='gowalla', emb_reg=1e-05, embed_size=32, epoch=1, lr=0.001, n_batch=40, n_intents=64, n_layers=2, patience=30, sample_num=40, save_model=False, seed=2023, show_step=1, ssl_reg=0.4, temp=0.2, train_num=10000, verbose=1)
2024-11-29 15:29:21,955 - n_users=78578, n_items=77801	n_interactions=2880201	n_train=2240156, n_test=640045, sparsity=0.00037
2024-11-29 15:29:21,955 - Namespace(Ks='[1, 5, 10, 20, 40, 50, 100]', batch_size=10240, cen_reg=1e-05, data_path=WindowsPath('C:/Users/shefai/Desktop/Content aware recommender systems/GitHub preparation/Intent_Aware_topn/data/DCCF/amazonbook'), dataset='amazonbook', emb_reg=1e-05, embed_size=32, epoch=200, lr=0.001, n_batch=40, n_intents=64, n_layers=2, patience=30, sample_num=40, save_model=False, seed=2023, show_step=1, ssl_reg=0.4, temp=0.2, train_num=10000, verbose=1)
2024-11-29 21:24:34,944 - n_users=50821, n_items=57440	n_interactions=1302695	n_train=1172425, n_test=130270, sparsity=0.00040
2024-11-29 21:24:34,944 - Namespace(Ks='[1, 5, 10, 20, 40, 50, 100]', batch_size=10240, cen_reg=1e-05, data_path=WindowsPath('C:/Users/shefai/Desktop/Content aware recommender systems/GitHub preparation/Intent_Aware_topn/data/DCCF/gowalla'), dataset='gowalla', emb_reg=1e-05, embed_size=32, epoch=150, lr=0.001, n_batch=40, n_intents=64, n_layers=2, patience=30, sample_num=40, save_model=False, seed=2023, show_step=1, ssl_reg=0.4, temp=0.2, train_num=10000, verbose=1)
2024-11-29 21:41:34,568 - n_users=78578, n_items=77801	n_interactions=2880201	n_train=2240156, n_test=640045, sparsity=0.00037
2024-11-29 21:41:34,568 - Namespace(Ks='[1, 5, 10, 20, 40, 50, 100]', batch_size=10240, cen_reg=1e-05, data_path=WindowsPath('C:/Users/shefai/Desktop/Content aware recommender systems/GitHub preparation/Intent_Aware_topn/data/DCCF/amazonBook'), dataset='amazonBook', emb_reg=1e-05, embed_size=32, epoch=200, lr=0.001, n_batch=40, n_intents=64, n_layers=2, patience=30, sample_num=40, save_model=False, seed=2023, show_step=1, ssl_reg=0.4, temp=0.2, train_num=10000, verbose=1)
2024-11-29 22:44:12,708 - n_users=50821, n_items=57440	n_interactions=1302695	n_train=1172425, n_test=130270, sparsity=0.00040
2024-11-29 22:44:12,708 - n_users=50821, n_items=57440	n_interactions=1302695	n_train=1172425, n_test=130270, sparsity=0.00040
2024-11-29 22:44:12,708 - Namespace(Ks='[1, 5, 10, 20, 40, 50, 100]', batch_size=10240, cen_reg=1e-05, data_path=WindowsPath('C:/Users/shefai/Desktop/Content aware recommender systems/GitHub preparation/Intent_Aware_topn/data/DCCF/gowalla'), dataset='gowalla', emb_reg=1e-05, embed_size=32, epoch=150, lr=0.001, n_batch=40, n_intents=64, n_layers=2, patience=30, sample_num=40, save_model=False, seed=2023, show_step=1, ssl_reg=0.4, temp=0.2, train_num=10000, verbose=1)
2024-11-29 22:44:12,708 - Namespace(Ks='[1, 5, 10, 20, 40, 50, 100]', batch_size=10240, cen_reg=1e-05, data_path=WindowsPath('C:/Users/shefai/Desktop/Content aware recommender systems/GitHub preparation/Intent_Aware_topn/data/DCCF/gowalla'), dataset='gowalla', emb_reg=1e-05, embed_size=32, epoch=150, lr=0.001, n_batch=40, n_intents=64, n_layers=2, patience=30, sample_num=40, save_model=False, seed=2023, show_step=1, ssl_reg=0.4, temp=0.2, train_num=10000, verbose=1)
2024-11-29 23:28:07,209 - n_users=47939, n_items=41390	n_interactions=2619389	n_train=2357450, n_test=261939, sparsity=0.00119
2024-11-29 23:28:07,209 - n_users=47939, n_items=41390	n_interactions=2619389	n_train=2357450, n_test=261939, sparsity=0.00119
2024-11-29 23:28:07,209 - Namespace(Ks='[1, 5, 10, 20, 40, 50, 100]', batch_size=10240, cen_reg=1e-05, data_path=WindowsPath('C:/Users/shefai/Desktop/Content aware recommender systems/GitHub preparation/Intent_Aware_topn/data/DCCF/tmall'), dataset='tmall', emb_reg=1e-05, embed_size=32, epoch=200, lr=0.001, n_batch=40, n_intents=64, n_layers=2, patience=30, sample_num=40, save_model=False, seed=2023, show_step=1, ssl_reg=0.2, temp=0.2, train_num=10000, verbose=1)
2024-11-29 23:28:07,209 - Namespace(Ks='[1, 5, 10, 20, 40, 50, 100]', batch_size=10240, cen_reg=1e-05, data_path=WindowsPath('C:/Users/shefai/Desktop/Content aware recommender systems/GitHub preparation/Intent_Aware_topn/data/DCCF/tmall'), dataset='tmall', emb_reg=1e-05, embed_size=32, epoch=200, lr=0.001, n_batch=40, n_intents=64, n_layers=2, patience=30, sample_num=40, save_model=False, seed=2023, show_step=1, ssl_reg=0.2, temp=0.2, train_num=10000, verbose=1)
2024-11-30 00:39:06,883 - n_users=78578, n_items=77801	n_interactions=2240156	n_train=1823663, n_test=416493, sparsity=0.00030
2024-11-30 00:39:06,883 - Namespace(Ks='[1, 5, 10, 20, 40, 50, 100]', batch_size=10240, cen_reg=1e-05, data_path=WindowsPath('C:/Users/shefai/Desktop/Content aware recommender systems/GitHub preparation/Intent_Aware_topn/data/DCCF/amazonBook'), dataset='amazonBook', emb_reg=1e-05, embed_size=32, epoch=200, lr=0.001, n_batch=40, n_intents=64, n_layers=2, patience=30, sample_num=40, save_model=False, seed=2023, show_step=1, ssl_reg=0.4, temp=0.2, train_num=10000, verbose=1)
2024-11-30 01:23:36,267 - n_users=78578, n_items=77801	n_interactions=2880201	n_train=2240156, n_test=640045, sparsity=0.00037
2024-11-30 01:23:36,267 - n_users=78578, n_items=77801	n_interactions=2880201	n_train=2240156, n_test=640045, sparsity=0.00037
2024-11-30 01:23:36,283 - Namespace(Ks='[1, 5, 10, 20, 40, 50, 100]', batch_size=10240, cen_reg=1e-05, data_path=WindowsPath('C:/Users/shefai/Desktop/Content aware recommender systems/GitHub preparation/Intent_Aware_topn/data/DCCF/amazonBook'), dataset='amazonBook', emb_reg=1e-05, embed_size=32, epoch=16, lr=0.001, n_batch=40, n_intents=64, n_layers=2, patience=30, sample_num=40, save_model=False, seed=2023, show_step=1, ssl_reg=0.4, temp=0.2, train_num=10000, verbose=1)
2024-11-30 01:23:36,283 - Namespace(Ks='[1, 5, 10, 20, 40, 50, 100]', batch_size=10240, cen_reg=1e-05, data_path=WindowsPath('C:/Users/shefai/Desktop/Content aware recommender systems/GitHub preparation/Intent_Aware_topn/data/DCCF/amazonBook'), dataset='amazonBook', emb_reg=1e-05, embed_size=32, epoch=16, lr=0.001, n_batch=40, n_intents=64, n_layers=2, patience=30, sample_num=40, save_model=False, seed=2023, show_step=1, ssl_reg=0.4, temp=0.2, train_num=10000, verbose=1)
2024-11-30 01:30:47,682 - n_users=50821, n_items=57440	n_interactions=1172425	n_train=957326, n_test=215099, sparsity=0.00033
2024-11-30 01:30:47,682 - n_users=50821, n_items=57440	n_interactions=1172425	n_train=957326, n_test=215099, sparsity=0.00033
2024-11-30 01:30:47,682 - n_users=50821, n_items=57440	n_interactions=1172425	n_train=957326, n_test=215099, sparsity=0.00033
2024-11-30 01:30:47,682 - Namespace(Ks='[1, 5, 10, 20, 40, 50, 100]', batch_size=10240, cen_reg=1e-05, data_path=WindowsPath('C:/Users/shefai/Desktop/Content aware recommender systems/GitHub preparation/Intent_Aware_topn/data/DCCF/gowalla'), dataset='gowalla', emb_reg=1e-05, embed_size=32, epoch=150, lr=0.001, n_batch=40, n_intents=64, n_layers=2, patience=30, sample_num=40, save_model=False, seed=2023, show_step=1, ssl_reg=0.4, temp=0.2, train_num=10000, verbose=1)
2024-11-30 01:30:47,682 - Namespace(Ks='[1, 5, 10, 20, 40, 50, 100]', batch_size=10240, cen_reg=1e-05, data_path=WindowsPath('C:/Users/shefai/Desktop/Content aware recommender systems/GitHub preparation/Intent_Aware_topn/data/DCCF/gowalla'), dataset='gowalla', emb_reg=1e-05, embed_size=32, epoch=150, lr=0.001, n_batch=40, n_intents=64, n_layers=2, patience=30, sample_num=40, save_model=False, seed=2023, show_step=1, ssl_reg=0.4, temp=0.2, train_num=10000, verbose=1)
2024-11-30 01:30:47,682 - Namespace(Ks='[1, 5, 10, 20, 40, 50, 100]', batch_size=10240, cen_reg=1e-05, data_path=WindowsPath('C:/Users/shefai/Desktop/Content aware recommender systems/GitHub preparation/Intent_Aware_topn/data/DCCF/gowalla'), dataset='gowalla', emb_reg=1e-05, embed_size=32, epoch=150, lr=0.001, n_batch=40, n_intents=64, n_layers=2, patience=30, sample_num=40, save_model=False, seed=2023, show_step=1, ssl_reg=0.4, temp=0.2, train_num=10000, verbose=1)
2024-11-30 01:56:49,988 - n_users=50821, n_items=57440	n_interactions=1302695	n_train=1172425, n_test=130270, sparsity=0.00040
2024-11-30 01:56:49,988 - n_users=50821, n_items=57440	n_interactions=1302695	n_train=1172425, n_test=130270, sparsity=0.00040
2024-11-30 01:56:49,988 - n_users=50821, n_items=57440	n_interactions=1302695	n_train=1172425, n_test=130270, sparsity=0.00040
2024-11-30 01:56:49,988 - Namespace(Ks='[1, 5, 10, 20, 40, 50, 100]', batch_size=10240, cen_reg=1e-05, data_path=WindowsPath('C:/Users/shefai/Desktop/Content aware recommender systems/GitHub preparation/Intent_Aware_topn/data/DCCF/gowalla'), dataset='gowalla', emb_reg=1e-05, embed_size=32, epoch=8, lr=0.001, n_batch=40, n_intents=64, n_layers=2, patience=30, sample_num=40, save_model=False, seed=2023, show_step=1, ssl_reg=0.4, temp=0.2, train_num=10000, verbose=1)
2024-11-30 01:56:49,988 - Namespace(Ks='[1, 5, 10, 20, 40, 50, 100]', batch_size=10240, cen_reg=1e-05, data_path=WindowsPath('C:/Users/shefai/Desktop/Content aware recommender systems/GitHub preparation/Intent_Aware_topn/data/DCCF/gowalla'), dataset='gowalla', emb_reg=1e-05, embed_size=32, epoch=8, lr=0.001, n_batch=40, n_intents=64, n_layers=2, patience=30, sample_num=40, save_model=False, seed=2023, show_step=1, ssl_reg=0.4, temp=0.2, train_num=10000, verbose=1)
2024-11-30 01:56:49,988 - Namespace(Ks='[1, 5, 10, 20, 40, 50, 100]', batch_size=10240, cen_reg=1e-05, data_path=WindowsPath('C:/Users/shefai/Desktop/Content aware recommender systems/GitHub preparation/Intent_Aware_topn/data/DCCF/gowalla'), dataset='gowalla', emb_reg=1e-05, embed_size=32, epoch=8, lr=0.001, n_batch=40, n_intents=64, n_layers=2, patience=30, sample_num=40, save_model=False, seed=2023, show_step=1, ssl_reg=0.4, temp=0.2, train_num=10000, verbose=1)
2024-11-30 02:02:27,828 - n_users=47939, n_items=41390	n_interactions=2357450	n_train=1905226, n_test=452224, sparsity=0.00096
2024-11-30 02:02:27,828 - n_users=47939, n_items=41390	n_interactions=2357450	n_train=1905226, n_test=452224, sparsity=0.00096
2024-11-30 02:02:27,828 - n_users=47939, n_items=41390	n_interactions=2357450	n_train=1905226, n_test=452224, sparsity=0.00096
2024-11-30 02:02:27,828 - Namespace(Ks='[1, 5, 10, 20, 40, 50, 100]', batch_size=10240, cen_reg=1e-05, data_path=WindowsPath('C:/Users/shefai/Desktop/Content aware recommender systems/GitHub preparation/Intent_Aware_topn/data/DCCF/tmall'), dataset='tmall', emb_reg=1e-05, embed_size=32, epoch=200, lr=0.001, n_batch=40, n_intents=64, n_layers=2, patience=30, sample_num=40, save_model=False, seed=2023, show_step=1, ssl_reg=0.2, temp=0.2, train_num=10000, verbose=1)
2024-11-30 02:02:27,828 - Namespace(Ks='[1, 5, 10, 20, 40, 50, 100]', batch_size=10240, cen_reg=1e-05, data_path=WindowsPath('C:/Users/shefai/Desktop/Content aware recommender systems/GitHub preparation/Intent_Aware_topn/data/DCCF/tmall'), dataset='tmall', emb_reg=1e-05, embed_size=32, epoch=200, lr=0.001, n_batch=40, n_intents=64, n_layers=2, patience=30, sample_num=40, save_model=False, seed=2023, show_step=1, ssl_reg=0.2, temp=0.2, train_num=10000, verbose=1)
2024-11-30 02:02:27,828 - Namespace(Ks='[1, 5, 10, 20, 40, 50, 100]', batch_size=10240, cen_reg=1e-05, data_path=WindowsPath('C:/Users/shefai/Desktop/Content aware recommender systems/GitHub preparation/Intent_Aware_topn/data/DCCF/tmall'), dataset='tmall', emb_reg=1e-05, embed_size=32, epoch=200, lr=0.001, n_batch=40, n_intents=64, n_layers=2, patience=30, sample_num=40, save_model=False, seed=2023, show_step=1, ssl_reg=0.2, temp=0.2, train_num=10000, verbose=1)
2024-11-30 04:28:39,090 - n_users=47939, n_items=41390	n_interactions=2619389	n_train=2357450, n_test=261939, sparsity=0.00119
2024-11-30 04:28:39,090 - n_users=47939, n_items=41390	n_interactions=2619389	n_train=2357450, n_test=261939, sparsity=0.00119
2024-11-30 04:28:39,090 - n_users=47939, n_items=41390	n_interactions=2619389	n_train=2357450, n_test=261939, sparsity=0.00119
2024-11-30 04:28:39,090 - Namespace(Ks='[1, 5, 10, 20, 40, 50, 100]', batch_size=10240, cen_reg=1e-05, data_path=WindowsPath('C:/Users/shefai/Desktop/Content aware recommender systems/GitHub preparation/Intent_Aware_topn/data/DCCF/tmall'), dataset='tmall', emb_reg=1e-05, embed_size=32, epoch=200, lr=0.001, n_batch=40, n_intents=64, n_layers=2, patience=30, sample_num=40, save_model=False, seed=2023, show_step=1, ssl_reg=0.2, temp=0.2, train_num=10000, verbose=1)
2024-11-30 04:28:39,090 - Namespace(Ks='[1, 5, 10, 20, 40, 50, 100]', batch_size=10240, cen_reg=1e-05, data_path=WindowsPath('C:/Users/shefai/Desktop/Content aware recommender systems/GitHub preparation/Intent_Aware_topn/data/DCCF/tmall'), dataset='tmall', emb_reg=1e-05, embed_size=32, epoch=200, lr=0.001, n_batch=40, n_intents=64, n_layers=2, patience=30, sample_num=40, save_model=False, seed=2023, show_step=1, ssl_reg=0.2, temp=0.2, train_num=10000, verbose=1)
2024-11-30 04:28:39,090 - Namespace(Ks='[1, 5, 10, 20, 40, 50, 100]', batch_size=10240, cen_reg=1e-05, data_path=WindowsPath('C:/Users/shefai/Desktop/Content aware recommender systems/GitHub preparation/Intent_Aware_topn/data/DCCF/tmall'), dataset='tmall', emb_reg=1e-05, embed_size=32, epoch=200, lr=0.001, n_batch=40, n_intents=64, n_layers=2, patience=30, sample_num=40, save_model=False, seed=2023, show_step=1, ssl_reg=0.2, temp=0.2, train_num=10000, verbose=1)
2024-12-01 14:49:30,099 - n_users=50821, n_items=57440	n_interactions=1302695	n_train=1172425, n_test=130270, sparsity=0.00040
2024-12-01 14:49:30,115 - Namespace(Ks='[1, 5, 10, 20, 40, 50, 100]', batch_size=10240, cen_reg=1e-05, data_path=WindowsPath('C:/Users/shefai/Desktop/Content aware recommender systems/GitHub preparation/Intent_Aware_topn/data/DCCF/gowalla'), dataset='gowalla', emb_reg=1e-05, embed_size=32, epoch=150, lr=0.001, n_batch=40, n_intents=64, n_layers=2, patience=30, sample_num=40, save_model=False, seed=2023, show_step=1, ssl_reg=0.4, temp=0.2, train_num=10000, verbose=1)
