2024-11-02 11:02:03,747 - n_users=47939, n_items=41390	n_interactions=2357450	n_train=2143358, n_test=214092, sparsity=0.00108
2024-11-02 11:02:03,747 - Namespace(Ks='[20, 40]', batch_size=5000, cen_reg=0.005, data_path=WindowsPath('C:/Users/shefai/Desktop/Content aware recommender systems/GitHub preparation/Intent aware recommender systems v1/data/DCCG/tmall'), dataset='tmall', emb_reg=2.5e-05, embed_size=32, epoch=5, lr=0.001, n_batch=40, n_intents=128, n_layers=2, patience=20, sample_num=40, save_model=False, seed=2022, show_step=1, ssl_reg=0.1, temp=1, train_num=10000, verbose=1)
2024-11-02 11:05:54,710 - n_users=47939, n_items=41390	n_interactions=2619389	n_train=2357450, n_test=261939, sparsity=0.00119
2024-11-02 11:05:54,710 - Namespace(Ks='[20, 40]', batch_size=5000, cen_reg=0.005, data_path=WindowsPath('C:/Users/shefai/Desktop/Content aware recommender systems/GitHub preparation/Intent aware recommender systems v1/data/DCCG/tmall'), dataset='tmall', emb_reg=2.5e-05, embed_size=32, epoch=3, lr=0.001, n_batch=40, n_intents=128, n_layers=2, patience=20, sample_num=40, save_model=False, seed=2022, show_step=1, ssl_reg=0.1, temp=1, train_num=10000, verbose=1)
2024-11-02 11:11:35,571 - n_users=47939, n_items=41390	n_interactions=2357450	n_train=2143358, n_test=214092, sparsity=0.00108
2024-11-02 11:11:35,572 - Namespace(Ks='[20, 40]', batch_size=5000, cen_reg=0.005, data_path=WindowsPath('C:/Users/shefai/Desktop/Content aware recommender systems/GitHub preparation/Intent aware recommender systems v1/data/DCCG/tmall'), dataset='tmall', emb_reg=2.5e-05, embed_size=32, epoch=5, lr=0.001, n_batch=40, n_intents=128, n_layers=2, patience=20, sample_num=40, save_model=False, seed=2022, show_step=1, ssl_reg=0.1, temp=1, train_num=10000, verbose=1)
2024-11-02 11:14:08,866 - n_users=50821, n_items=57440	n_interactions=1172425	n_train=1079726, n_test=92699, sparsity=0.00037
2024-11-02 11:14:08,866 - Namespace(Ks='[20, 40]', batch_size=5000, cen_reg=0.005, data_path=WindowsPath('C:/Users/shefai/Desktop/Content aware recommender systems/GitHub preparation/Intent aware recommender systems v1/data/DCCG/gowalla'), dataset='gowalla', emb_reg=2.5e-05, embed_size=32, epoch=5, lr=0.001, n_batch=40, n_intents=128, n_layers=2, patience=20, sample_num=40, save_model=False, seed=2022, show_step=1, ssl_reg=0.1, temp=1, train_num=10000, verbose=1)
2024-11-02 11:16:28,272 - n_users=50821, n_items=57440	n_interactions=1302695	n_train=1172425, n_test=130270, sparsity=0.00040
2024-11-02 11:16:28,272 - n_users=50821, n_items=57440	n_interactions=1302695	n_train=1172425, n_test=130270, sparsity=0.00040
2024-11-02 11:16:28,272 - Namespace(Ks='[20, 40]', batch_size=5000, cen_reg=0.005, data_path=WindowsPath('C:/Users/shefai/Desktop/Content aware recommender systems/GitHub preparation/Intent aware recommender systems v1/data/DCCG/gowalla'), dataset='gowalla', emb_reg=2.5e-05, embed_size=32, epoch=5, lr=0.001, n_batch=40, n_intents=128, n_layers=2, patience=20, sample_num=40, save_model=False, seed=2022, show_step=1, ssl_reg=0.1, temp=1, train_num=10000, verbose=1)
2024-11-02 11:16:28,272 - Namespace(Ks='[20, 40]', batch_size=5000, cen_reg=0.005, data_path=WindowsPath('C:/Users/shefai/Desktop/Content aware recommender systems/GitHub preparation/Intent aware recommender systems v1/data/DCCG/gowalla'), dataset='gowalla', emb_reg=2.5e-05, embed_size=32, epoch=5, lr=0.001, n_batch=40, n_intents=128, n_layers=2, patience=20, sample_num=40, save_model=False, seed=2022, show_step=1, ssl_reg=0.1, temp=1, train_num=10000, verbose=1)
2024-11-02 11:24:05,366 - n_users=50821, n_items=57440	n_interactions=1302695	n_train=1172425, n_test=130270, sparsity=0.00040
2024-11-02 11:24:05,366 - Namespace(Ks='[20, 40]', batch_size=5000, cen_reg=0.005, data_path=WindowsPath('C:/Users/shefai/Desktop/Content aware recommender systems/GitHub preparation/Intent aware recommender systems v1/data/DCCG/gowalla'), dataset='gowalla', emb_reg=2.5e-05, embed_size=32, epoch=3, lr=0.001, n_batch=40, n_intents=128, n_layers=2, patience=20, sample_num=40, save_model=False, seed=2022, show_step=1, ssl_reg=0.1, temp=1, train_num=10000, verbose=1)
2024-11-02 11:26:31,243 - n_users=50821, n_items=57440	n_interactions=1302695	n_train=1172425, n_test=130270, sparsity=0.00040
2024-11-02 11:26:31,243 - Namespace(Ks='[20, 40]', batch_size=5000, cen_reg=0.005, data_path=WindowsPath('C:/Users/shefai/Desktop/Content aware recommender systems/GitHub preparation/Intent aware recommender systems v1/data/DCCG/gowalla'), dataset='gowalla', emb_reg=2.5e-05, embed_size=32, epoch=1, lr=0.001, n_batch=40, n_intents=128, n_layers=2, patience=20, sample_num=40, save_model=False, seed=2022, show_step=1, ssl_reg=0.1, temp=1, train_num=10000, verbose=1)
2024-11-02 11:28:10,711 - n_users=50821, n_items=57440	n_interactions=1302695	n_train=1172425, n_test=130270, sparsity=0.00040
2024-11-02 11:28:10,712 - Namespace(Ks='[20, 40]', batch_size=5000, cen_reg=0.005, data_path=WindowsPath('C:/Users/shefai/Desktop/Content aware recommender systems/GitHub preparation/Intent aware recommender systems v1/data/DCCG/gowalla'), dataset='gowalla', emb_reg=2.5e-05, embed_size=32, epoch=1, lr=0.001, n_batch=40, n_intents=128, n_layers=2, patience=20, sample_num=40, save_model=False, seed=2022, show_step=1, ssl_reg=0.1, temp=1, train_num=10000, verbose=1)
2024-11-02 11:28:58,647 - n_users=50821, n_items=57440	n_interactions=1302695	n_train=1172425, n_test=130270, sparsity=0.00040
2024-11-02 11:28:58,647 - Namespace(Ks='[20, 40]', batch_size=5000, cen_reg=0.005, data_path=WindowsPath('C:/Users/shefai/Desktop/Content aware recommender systems/GitHub preparation/Intent aware recommender systems v1/data/DCCG/gowalla'), dataset='gowalla', emb_reg=2.5e-05, embed_size=32, epoch=1, lr=0.001, n_batch=40, n_intents=128, n_layers=2, patience=20, sample_num=40, save_model=False, seed=2022, show_step=1, ssl_reg=0.1, temp=1, train_num=10000, verbose=1)
2024-11-02 11:46:14,288 - n_users=50821, n_items=57440	n_interactions=1302695	n_train=1172425, n_test=130270, sparsity=0.00040
2024-11-02 11:46:14,288 - Namespace(Ks='[20, 40]', batch_size=5000, cen_reg=0.005, data_path=WindowsPath('C:/Users/shefai/Desktop/Content aware recommender systems/GitHub preparation/Intent aware recommender systems v1/data/DCCG/gowalla'), dataset='gowalla', emb_reg=2.5e-05, embed_size=32, epoch=1, lr=0.001, n_batch=40, n_intents=128, n_layers=2, patience=20, sample_num=40, save_model=False, seed=2022, show_step=1, ssl_reg=0.1, temp=1, train_num=10000, verbose=1)
2024-11-02 11:47:01,782 - n_users=50821, n_items=57440	n_interactions=1302695	n_train=1172425, n_test=130270, sparsity=0.00040
2024-11-02 11:47:01,782 - Namespace(Ks='[20, 40]', batch_size=5000, cen_reg=0.005, data_path=WindowsPath('C:/Users/shefai/Desktop/Content aware recommender systems/GitHub preparation/Intent aware recommender systems v1/data/DCCG/gowalla'), dataset='gowalla', emb_reg=2.5e-05, embed_size=32, epoch=1, lr=0.001, n_batch=40, n_intents=128, n_layers=2, patience=20, sample_num=40, save_model=False, seed=2022, show_step=1, ssl_reg=0.1, temp=1, train_num=10000, verbose=1)
2024-11-02 11:48:58,201 - n_users=50821, n_items=57440	n_interactions=1302695	n_train=1172425, n_test=130270, sparsity=0.00040
2024-11-02 11:48:58,201 - Namespace(Ks='[20, 40]', batch_size=5000, cen_reg=0.005, data_path=WindowsPath('C:/Users/shefai/Desktop/Content aware recommender systems/GitHub preparation/Intent aware recommender systems v1/data/DCCG/gowalla'), dataset='gowalla', emb_reg=2.5e-05, embed_size=32, epoch=1, lr=0.001, n_batch=40, n_intents=128, n_layers=2, patience=20, sample_num=40, save_model=False, seed=2022, show_step=1, ssl_reg=0.1, temp=1, train_num=10000, verbose=1)
2024-11-02 11:51:03,823 - n_users=50821, n_items=57440	n_interactions=1172425	n_train=1079726, n_test=92699, sparsity=0.00037
2024-11-02 11:51:03,823 - Namespace(Ks='[20, 40]', batch_size=5000, cen_reg=0.005, data_path=WindowsPath('C:/Users/shefai/Desktop/Content aware recommender systems/GitHub preparation/Intent aware recommender systems v1/data/DCCG/gowalla'), dataset='gowalla', emb_reg=2.5e-05, embed_size=32, epoch=500, lr=0.001, n_batch=40, n_intents=128, n_layers=2, patience=20, sample_num=40, save_model=False, seed=2022, show_step=1, ssl_reg=0.1, temp=1, train_num=10000, verbose=1)
2024-11-02 13:06:21,956 - n_users=50821, n_items=57440	n_interactions=1302695	n_train=1172425, n_test=130270, sparsity=0.00040
2024-11-02 13:06:21,956 - n_users=50821, n_items=57440	n_interactions=1302695	n_train=1172425, n_test=130270, sparsity=0.00040
2024-11-02 13:06:21,956 - Namespace(Ks='[20, 40]', batch_size=5000, cen_reg=0.005, data_path=WindowsPath('C:/Users/shefai/Desktop/Content aware recommender systems/GitHub preparation/Intent aware recommender systems v1/data/DCCG/gowalla'), dataset='gowalla', emb_reg=2.5e-05, embed_size=32, epoch=165, lr=0.001, n_batch=40, n_intents=128, n_layers=2, patience=20, sample_num=40, save_model=False, seed=2022, show_step=1, ssl_reg=0.1, temp=1, train_num=10000, verbose=1)
2024-11-02 13:06:21,956 - Namespace(Ks='[20, 40]', batch_size=5000, cen_reg=0.005, data_path=WindowsPath('C:/Users/shefai/Desktop/Content aware recommender systems/GitHub preparation/Intent aware recommender systems v1/data/DCCG/gowalla'), dataset='gowalla', emb_reg=2.5e-05, embed_size=32, epoch=165, lr=0.001, n_batch=40, n_intents=128, n_layers=2, patience=20, sample_num=40, save_model=False, seed=2022, show_step=1, ssl_reg=0.1, temp=1, train_num=10000, verbose=1)
2024-11-07 22:19:06,038 - n_users=78578, n_items=77801	n_interactions=2880201	n_train=2240156, n_test=640045, sparsity=0.00037
2024-11-07 22:19:06,038 - Namespace(Ks='[20, 40]', batch_size=5000, cen_reg=0.005, data_path=WindowsPath('C:/Users/shefai/Desktop/Content aware recommender systems/GitHub preparation/Intent aware recommender systems v1/data/DCCG/amazonbook'), dataset='amazonbook', emb_reg=2.5e-05, embed_size=32, epoch=500, lr=0.001, n_batch=40, n_intents=128, n_layers=2, patience=20, sample_num=40, save_model=False, seed=2022, show_step=1, ssl_reg=0.1, temp=1, train_num=10000, verbose=1)
2024-11-08 09:00:25,810 - n_users=78578, n_items=77801	n_interactions=2240156	n_train=2051103, n_test=189053, sparsity=0.00034
2024-11-08 09:00:25,810 - Namespace(Ks='[20, 40]', batch_size=5000, cen_reg=0.005, data_path=WindowsPath('C:/Users/shefai/Desktop/Content aware recommender systems/GitHub preparation/Intent aware recommender systems v1/data/DCCF/amazonbook'), dataset='amazonbook', emb_reg=2.5e-05, embed_size=32, epoch=500, lr=0.001, n_batch=40, n_intents=128, n_layers=2, patience=20, sample_num=40, save_model=False, seed=2022, show_step=1, ssl_reg=0.1, temp=1, train_num=10000, verbose=1)
2024-11-08 13:09:59,335 - n_users=50821, n_items=57440	n_interactions=1302695	n_train=1172425, n_test=130270, sparsity=0.00040
2024-11-08 13:09:59,335 - Namespace(Ks='[20, 40]', batch_size=10240, cen_reg=1e-05, data_path=WindowsPath('C:/Users/shefai/Desktop/Content aware recommender systems/GitHub preparation/Intent aware recommender systems v1/data/DCCF/gowalla'), dataset='gowalla', emb_reg=1e-05, embed_size=32, epoch=150, lr=0.001, n_batch=40, n_intents=64, n_layers=2, patience=30, sample_num=40, save_model=False, seed=2023, show_step=1, ssl_reg=0.4, temp=0.2, train_num=10000, verbose=1)
2024-11-12 10:01:35,302 - n_users=78578, n_items=77801	n_interactions=2880201	n_train=2240156, n_test=640045, sparsity=0.00037
2024-11-12 10:01:35,304 - Namespace(Ks='[1, 5, 10, 20, 40, 50, 100]', batch_size=5000, cen_reg=0.005, data_path=WindowsPath('C:/Users/shefai/Desktop/Content aware recommender systems/GitHub preparation/Intent_Aware_topn/data/DCCF/amazonbook'), dataset='amazonbook', emb_reg=2.5e-05, embed_size=32, epoch=1, lr=0.001, n_batch=40, n_intents=128, n_layers=2, patience=20, sample_num=40, save_model=False, seed=2022, show_step=1, ssl_reg=0.1, temp=1, train_num=10000, verbose=1)
2024-11-12 10:10:16,274 - n_users=78578, n_items=77801	n_interactions=2880201	n_train=2240156, n_test=640045, sparsity=0.00037
2024-11-12 10:10:16,275 - Namespace(Ks='[1, 5, 10, 20, 40, 50, 100]', batch_size=5000, cen_reg=0.005, data_path=WindowsPath('C:/Users/shefai/Desktop/Content aware recommender systems/GitHub preparation/Intent_Aware_topn/data/DCCF/amazonbook'), dataset='amazonbook', emb_reg=2.5e-05, embed_size=32, epoch=1, lr=0.001, n_batch=40, n_intents=128, n_layers=2, patience=20, sample_num=40, save_model=False, seed=2022, show_step=1, ssl_reg=0.1, temp=1, train_num=10000, verbose=1)
2024-11-12 10:26:38,413 - n_users=78578, n_items=77801	n_interactions=2880201	n_train=2240156, n_test=640045, sparsity=0.00037
2024-11-12 10:26:38,413 - Namespace(Ks='[1, 5, 10, 20, 40, 50, 100]', batch_size=5000, cen_reg=0.005, data_path=WindowsPath('C:/Users/shefai/Desktop/Content aware recommender systems/GitHub preparation/Intent_Aware_topn/data/DCCF/amazonbook'), dataset='amazonbook', emb_reg=2.5e-05, embed_size=32, epoch=1, lr=0.001, n_batch=40, n_intents=128, n_layers=2, patience=20, sample_num=40, save_model=False, seed=2022, show_step=1, ssl_reg=0.1, temp=1, train_num=10000, verbose=1)
2024-11-12 10:32:26,664 - n_users=78578, n_items=77801	n_interactions=2880201	n_train=2240156, n_test=640045, sparsity=0.00037
2024-11-12 10:32:26,665 - Namespace(Ks='[1, 5, 10, 20, 40, 50, 100]', batch_size=5000, cen_reg=0.005, data_path=WindowsPath('C:/Users/shefai/Desktop/Content aware recommender systems/GitHub preparation/Intent_Aware_topn/data/DCCF/amazonbook'), dataset='amazonbook', emb_reg=2.5e-05, embed_size=32, epoch=1, lr=0.001, n_batch=40, n_intents=128, n_layers=2, patience=20, sample_num=40, save_model=False, seed=2022, show_step=1, ssl_reg=0.1, temp=1, train_num=10000, verbose=1)
2024-11-12 10:37:48,088 - n_users=78578, n_items=77801	n_interactions=2880201	n_train=2240156, n_test=640045, sparsity=0.00037
2024-11-12 10:37:48,089 - Namespace(Ks='[1, 5, 10, 20, 40, 50, 100]', batch_size=5000, cen_reg=0.005, data_path=WindowsPath('C:/Users/shefai/Desktop/Content aware recommender systems/GitHub preparation/Intent_Aware_topn/data/DCCF/amazonbook'), dataset='amazonbook', emb_reg=2.5e-05, embed_size=32, epoch=1, lr=0.001, n_batch=40, n_intents=128, n_layers=2, patience=20, sample_num=40, save_model=False, seed=2022, show_step=1, ssl_reg=0.1, temp=1, train_num=10000, verbose=1)
2024-11-26 09:11:54,618 - n_users=47939, n_items=41390	n_interactions=2619389	n_train=2357450, n_test=261939, sparsity=0.00119
2024-11-26 09:11:54,620 - Namespace(Ks='[1, 5, 10, 20, 40, 50, 100]', batch_size=5000, cen_reg=0.005, data_path=WindowsPath('C:/Users/shefai/Desktop/Content aware recommender systems/GitHub preparation/Intent_Aware_topn/data/DCCF/tmall'), dataset='tmall', emb_reg=2.5e-05, embed_size=32, epoch=1, lr=0.001, n_batch=40, n_intents=128, n_layers=2, patience=20, sample_num=40, save_model=False, seed=2022, show_step=1, ssl_reg=0.1, temp=1, train_num=10000, verbose=1)
2024-11-26 10:23:49,011 - n_users=47939, n_items=41390	n_interactions=2619389	n_train=2357450, n_test=261939, sparsity=0.00119
2024-11-26 10:23:49,012 - Namespace(Ks='[1, 5, 10, 20, 40, 50, 100]', batch_size=5000, cen_reg=0.005, data_path=WindowsPath('C:/Users/shefai/Desktop/Content aware recommender systems/GitHub preparation/Intent_Aware_topn/data/DCCF/tmall'), dataset='tmall', emb_reg=2.5e-05, embed_size=32, epoch=1, lr=0.001, n_batch=40, n_intents=128, n_layers=2, patience=20, sample_num=40, save_model=False, seed=2022, show_step=1, ssl_reg=0.1, temp=1, train_num=10000, verbose=1)
2024-11-26 10:28:52,063 - n_users=47939, n_items=41390	n_interactions=2619389	n_train=2357450, n_test=261939, sparsity=0.00119
2024-11-26 10:28:52,064 - Namespace(Ks='[1, 5, 10, 20, 40, 50, 100]', batch_size=32, cen_reg=0.005, data_path=WindowsPath('C:/Users/shefai/Desktop/Content aware recommender systems/GitHub preparation/Intent_Aware_topn/data/DCCF/tmall'), dataset='tmall', emb_reg=2.5e-05, embed_size=32, epoch=1, lr=0.001, n_batch=40, n_intents=128, n_layers=2, patience=20, sample_num=40, save_model=False, seed=2022, show_step=1, ssl_reg=0.1, temp=1, train_num=10000, verbose=1)
2024-11-26 10:31:22,629 - n_users=50821, n_items=57440	n_interactions=1302695	n_train=1172425, n_test=130270, sparsity=0.00040
2024-11-26 10:31:22,630 - Namespace(Ks='[1, 5, 10, 20, 40, 50, 100]', batch_size=32, cen_reg=0.005, data_path=WindowsPath('C:/Users/shefai/Desktop/Content aware recommender systems/GitHub preparation/Intent_Aware_topn/data/DCCF/gowalla'), dataset='gowalla', emb_reg=2.5e-05, embed_size=32, epoch=1, lr=0.001, n_batch=40, n_intents=128, n_layers=2, patience=20, sample_num=40, save_model=False, seed=2022, show_step=1, ssl_reg=0.1, temp=1, train_num=10000, verbose=1)
2024-11-28 19:12:08,028 - n_users=50821, n_items=57440	n_interactions=1172425	n_train=1079726, n_test=92699, sparsity=0.00037
2024-11-28 19:12:08,028 - Namespace(Ks='[1, 5, 10, 20, 40, 50, 100]', batch_size=5000, cen_reg=0.005, data_path=WindowsPath('C:/Users/shefai/Desktop/Content aware recommender systems/GitHub preparation/Intent_Aware_topn/data/DCCF/gowalla'), dataset='gowalla', emb_reg=2.5e-05, embed_size=32, epoch=500, lr=0.001, n_batch=40, n_intents=128, n_layers=2, patience=20, sample_num=40, save_model=False, seed=2022, show_step=1, ssl_reg=0.1, temp=1, train_num=10000, verbose=1)
2024-11-28 20:31:34,672 - n_users=50821, n_items=57440	n_interactions=1302695	n_train=1172425, n_test=130270, sparsity=0.00040
2024-11-28 20:31:34,672 - n_users=50821, n_items=57440	n_interactions=1302695	n_train=1172425, n_test=130270, sparsity=0.00040
2024-11-28 20:31:34,672 - Namespace(Ks='[1, 5, 10, 20, 40, 50, 100]', batch_size=5000, cen_reg=0.005, data_path=WindowsPath('C:/Users/shefai/Desktop/Content aware recommender systems/GitHub preparation/Intent_Aware_topn/data/DCCF/gowalla'), dataset='gowalla', emb_reg=2.5e-05, embed_size=32, epoch=165, lr=0.001, n_batch=40, n_intents=128, n_layers=2, patience=20, sample_num=40, save_model=False, seed=2022, show_step=1, ssl_reg=0.1, temp=1, train_num=10000, verbose=1)
2024-11-28 20:31:34,672 - Namespace(Ks='[1, 5, 10, 20, 40, 50, 100]', batch_size=5000, cen_reg=0.005, data_path=WindowsPath('C:/Users/shefai/Desktop/Content aware recommender systems/GitHub preparation/Intent_Aware_topn/data/DCCF/gowalla'), dataset='gowalla', emb_reg=2.5e-05, embed_size=32, epoch=165, lr=0.001, n_batch=40, n_intents=128, n_layers=2, patience=20, sample_num=40, save_model=False, seed=2022, show_step=1, ssl_reg=0.1, temp=1, train_num=10000, verbose=1)
2024-11-28 22:33:19,981 - n_users=78578, n_items=77801	n_interactions=2240156	n_train=2051103, n_test=189053, sparsity=0.00034
2024-11-28 22:33:19,981 - Namespace(Ks='[1, 5, 10, 20, 40, 50, 100]', batch_size=5000, cen_reg=0.005, data_path=WindowsPath('C:/Users/shefai/Desktop/Content aware recommender systems/GitHub preparation/Intent_Aware_topn/data/DCCF/amazonbook'), dataset='amazonbook', emb_reg=2.5e-05, embed_size=32, epoch=500, lr=0.001, n_batch=40, n_intents=128, n_layers=2, patience=20, sample_num=40, save_model=False, seed=2022, show_step=1, ssl_reg=0.1, temp=1, train_num=10000, verbose=1)
2024-11-29 00:30:56,973 - n_users=78578, n_items=77801	n_interactions=2880201	n_train=2240156, n_test=640045, sparsity=0.00037
2024-11-29 00:30:56,973 - Namespace(Ks='[1, 5, 10, 20, 40, 50, 100]', batch_size=5000, cen_reg=0.005, data_path=WindowsPath('C:/Users/shefai/Desktop/Content aware recommender systems/GitHub preparation/Intent_Aware_topn/data/DCCF/amazonbook'), dataset='amazonbook', emb_reg=2.5e-05, embed_size=32, epoch=150, lr=0.001, n_batch=40, n_intents=128, n_layers=2, patience=20, sample_num=40, save_model=False, seed=2022, show_step=1, ssl_reg=0.1, temp=1, train_num=10000, verbose=1)
2024-11-29 15:29:21,955 - n_users=78578, n_items=77801	n_interactions=2880201	n_train=2240156, n_test=640045, sparsity=0.00037
2024-11-29 15:29:21,955 - Namespace(Ks='[1, 5, 10, 20, 40, 50, 100]', batch_size=10240, cen_reg=1e-05, data_path=WindowsPath('C:/Users/shefai/Desktop/Content aware recommender systems/GitHub preparation/Intent_Aware_topn/data/DCCF/amazonbook'), dataset='amazonbook', emb_reg=1e-05, embed_size=32, epoch=200, lr=0.001, n_batch=40, n_intents=64, n_layers=2, patience=30, sample_num=40, save_model=False, seed=2023, show_step=1, ssl_reg=0.4, temp=0.2, train_num=10000, verbose=1)
2024-11-29 15:47:28,096 - n_users=47939, n_items=41390	n_interactions=2357450	n_train=2143358, n_test=214092, sparsity=0.00108
2024-11-29 15:47:28,096 - Namespace(Ks='[1, 5, 10, 20, 40, 50, 100]', batch_size=5000, cen_reg=0.005, data_path=WindowsPath('C:/Users/shefai/Desktop/Content aware recommender systems/GitHub preparation/Intent_Aware_topn/data/DCCF/tmall'), dataset='tmall', emb_reg=2.5e-05, embed_size=32, epoch=1, lr=0.001, n_batch=40, n_intents=128, n_layers=2, patience=20, sample_num=40, save_model=False, seed=2022, show_step=1, ssl_reg=0.1, temp=1, train_num=10000, verbose=1)
2024-11-29 15:48:45,596 - n_users=47939, n_items=41390	n_interactions=2619389	n_train=2357450, n_test=261939, sparsity=0.00119
2024-11-29 15:48:45,596 - Namespace(Ks='[1, 5, 10, 20, 40, 50, 100]', batch_size=5000, cen_reg=0.005, data_path=WindowsPath('C:/Users/shefai/Desktop/Content aware recommender systems/GitHub preparation/Intent_Aware_topn/data/DCCF/tmall'), dataset='tmall', emb_reg=2.5e-05, embed_size=32, epoch=1, lr=0.001, n_batch=40, n_intents=128, n_layers=2, patience=20, sample_num=40, save_model=False, seed=2022, show_step=1, ssl_reg=0.1, temp=1, train_num=10000, verbose=1)
2024-11-29 15:52:43,362 - n_users=50821, n_items=57440	n_interactions=1172425	n_train=1079726, n_test=92699, sparsity=0.00037
2024-11-29 15:52:43,362 - Namespace(Ks='[1, 5, 10, 20, 40, 50, 100]', batch_size=5000, cen_reg=0.005, data_path=WindowsPath('C:/Users/shefai/Desktop/Content aware recommender systems/GitHub preparation/Intent_Aware_topn/data/DCCF/gowalla'), dataset='gowalla', emb_reg=2.5e-05, embed_size=32, epoch=1, lr=0.001, n_batch=40, n_intents=128, n_layers=2, patience=20, sample_num=40, save_model=False, seed=2022, show_step=1, ssl_reg=0.1, temp=1, train_num=10000, verbose=1)
2024-11-29 15:53:32,089 - n_users=50821, n_items=57440	n_interactions=1302695	n_train=1172425, n_test=130270, sparsity=0.00040
2024-11-29 15:53:32,089 - n_users=50821, n_items=57440	n_interactions=1302695	n_train=1172425, n_test=130270, sparsity=0.00040
2024-11-29 15:53:32,089 - Namespace(Ks='[1, 5, 10, 20, 40, 50, 100]', batch_size=5000, cen_reg=0.005, data_path=WindowsPath('C:/Users/shefai/Desktop/Content aware recommender systems/GitHub preparation/Intent_Aware_topn/data/DCCF/gowalla'), dataset='gowalla', emb_reg=2.5e-05, embed_size=32, epoch=1, lr=0.001, n_batch=40, n_intents=128, n_layers=2, patience=20, sample_num=40, save_model=False, seed=2022, show_step=1, ssl_reg=0.1, temp=1, train_num=10000, verbose=1)
2024-11-29 15:53:32,089 - Namespace(Ks='[1, 5, 10, 20, 40, 50, 100]', batch_size=5000, cen_reg=0.005, data_path=WindowsPath('C:/Users/shefai/Desktop/Content aware recommender systems/GitHub preparation/Intent_Aware_topn/data/DCCF/gowalla'), dataset='gowalla', emb_reg=2.5e-05, embed_size=32, epoch=1, lr=0.001, n_batch=40, n_intents=128, n_layers=2, patience=20, sample_num=40, save_model=False, seed=2022, show_step=1, ssl_reg=0.1, temp=1, train_num=10000, verbose=1)
2024-11-29 16:03:24,127 - n_users=50821, n_items=57440	n_interactions=1302695	n_train=1172425, n_test=130270, sparsity=0.00040
2024-11-29 16:03:24,128 - Namespace(Ks='[1, 5, 10, 20, 40, 50, 100]', batch_size=5000, cen_reg=0.005, data_path=WindowsPath('C:/Users/shefai/Desktop/Content aware recommender systems/GitHub preparation/Intent_Aware_topn/data/DCCF/gowalla'), dataset='gowalla', emb_reg=2.5e-05, embed_size=32, epoch=1, lr=0.001, n_batch=40, n_intents=128, n_layers=2, patience=20, sample_num=40, save_model=False, seed=2022, show_step=1, ssl_reg=0.1, temp=1, train_num=10000, verbose=1)
2024-11-29 16:06:08,488 - n_users=50821, n_items=57440	n_interactions=1302695	n_train=1172425, n_test=130270, sparsity=0.00040
2024-11-29 16:06:08,488 - Namespace(Ks='[1, 5, 10, 20, 40, 50, 100]', batch_size=5000, cen_reg=0.005, data_path=WindowsPath('C:/Users/shefai/Desktop/Content aware recommender systems/GitHub preparation/Intent_Aware_topn/data/DCCF/gowalla'), dataset='gowalla', emb_reg=2.5e-05, embed_size=32, epoch=1, lr=0.001, n_batch=40, n_intents=128, n_layers=2, patience=20, sample_num=40, save_model=False, seed=2022, show_step=1, ssl_reg=0.1, temp=1, train_num=10000, verbose=1)
2024-11-29 23:28:07,209 - n_users=47939, n_items=41390	n_interactions=2619389	n_train=2357450, n_test=261939, sparsity=0.00119
2024-11-29 23:28:07,209 - Namespace(Ks='[1, 5, 10, 20, 40, 50, 100]', batch_size=10240, cen_reg=1e-05, data_path=WindowsPath('C:/Users/shefai/Desktop/Content aware recommender systems/GitHub preparation/Intent_Aware_topn/data/DCCF/tmall'), dataset='tmall', emb_reg=1e-05, embed_size=32, epoch=200, lr=0.001, n_batch=40, n_intents=64, n_layers=2, patience=30, sample_num=40, save_model=False, seed=2023, show_step=1, ssl_reg=0.2, temp=0.2, train_num=10000, verbose=1)
2024-11-30 01:56:49,988 - n_users=50821, n_items=57440	n_interactions=1302695	n_train=1172425, n_test=130270, sparsity=0.00040
2024-11-30 01:56:49,988 - Namespace(Ks='[1, 5, 10, 20, 40, 50, 100]', batch_size=10240, cen_reg=1e-05, data_path=WindowsPath('C:/Users/shefai/Desktop/Content aware recommender systems/GitHub preparation/Intent_Aware_topn/data/DCCF/gowalla'), dataset='gowalla', emb_reg=1e-05, embed_size=32, epoch=8, lr=0.001, n_batch=40, n_intents=64, n_layers=2, patience=30, sample_num=40, save_model=False, seed=2023, show_step=1, ssl_reg=0.4, temp=0.2, train_num=10000, verbose=1)
2024-11-30 02:02:27,828 - n_users=47939, n_items=41390	n_interactions=2357450	n_train=1905226, n_test=452224, sparsity=0.00096
2024-11-30 02:02:27,828 - n_users=47939, n_items=41390	n_interactions=2357450	n_train=1905226, n_test=452224, sparsity=0.00096
2024-11-30 02:02:27,828 - Namespace(Ks='[1, 5, 10, 20, 40, 50, 100]', batch_size=10240, cen_reg=1e-05, data_path=WindowsPath('C:/Users/shefai/Desktop/Content aware recommender systems/GitHub preparation/Intent_Aware_topn/data/DCCF/tmall'), dataset='tmall', emb_reg=1e-05, embed_size=32, epoch=200, lr=0.001, n_batch=40, n_intents=64, n_layers=2, patience=30, sample_num=40, save_model=False, seed=2023, show_step=1, ssl_reg=0.2, temp=0.2, train_num=10000, verbose=1)
2024-11-30 02:02:27,828 - Namespace(Ks='[1, 5, 10, 20, 40, 50, 100]', batch_size=10240, cen_reg=1e-05, data_path=WindowsPath('C:/Users/shefai/Desktop/Content aware recommender systems/GitHub preparation/Intent_Aware_topn/data/DCCF/tmall'), dataset='tmall', emb_reg=1e-05, embed_size=32, epoch=200, lr=0.001, n_batch=40, n_intents=64, n_layers=2, patience=30, sample_num=40, save_model=False, seed=2023, show_step=1, ssl_reg=0.2, temp=0.2, train_num=10000, verbose=1)
2024-11-30 04:28:39,090 - n_users=47939, n_items=41390	n_interactions=2619389	n_train=2357450, n_test=261939, sparsity=0.00119
2024-11-30 04:28:39,090 - n_users=47939, n_items=41390	n_interactions=2619389	n_train=2357450, n_test=261939, sparsity=0.00119
2024-11-30 04:28:39,090 - Namespace(Ks='[1, 5, 10, 20, 40, 50, 100]', batch_size=10240, cen_reg=1e-05, data_path=WindowsPath('C:/Users/shefai/Desktop/Content aware recommender systems/GitHub preparation/Intent_Aware_topn/data/DCCF/tmall'), dataset='tmall', emb_reg=1e-05, embed_size=32, epoch=200, lr=0.001, n_batch=40, n_intents=64, n_layers=2, patience=30, sample_num=40, save_model=False, seed=2023, show_step=1, ssl_reg=0.2, temp=0.2, train_num=10000, verbose=1)
2024-11-30 04:28:39,090 - Namespace(Ks='[1, 5, 10, 20, 40, 50, 100]', batch_size=10240, cen_reg=1e-05, data_path=WindowsPath('C:/Users/shefai/Desktop/Content aware recommender systems/GitHub preparation/Intent_Aware_topn/data/DCCF/tmall'), dataset='tmall', emb_reg=1e-05, embed_size=32, epoch=200, lr=0.001, n_batch=40, n_intents=64, n_layers=2, patience=30, sample_num=40, save_model=False, seed=2023, show_step=1, ssl_reg=0.2, temp=0.2, train_num=10000, verbose=1)
